android/app/build/intermediates/manifest_merge_blame_file/devDebug/manifest-merger-blame-dev-debug-report.txt
1<?xml version="1.0" encoding="utf-8"?>
2<manifest xmlns:android="http://schemas.android.com/apk/res/android"
3    package="com.channelpaisa.channelpaisa.dev"
4    android:versionCode="1"
5    android:versionName="1.0" >
6
7    <uses-sdk
8        android:minSdkVersion="26"
9        android:targetSdkVersion="33" />
10
11    <uses-permission android:name="android.permission.SYSTEM_ALERT_WINDOW" />
11-->src/debug/AndroidManifest.xml:5:5-77
11-->src/debug/AndroidManifest.xml:5:22-75
12    <uses-permission android:name="android.permission.INTERNET" />
12-->src/main/AndroidManifest.xml:4:5-67
12-->src/main/AndroidManifest.xml:4:22-64
13    <uses-permission android:name="android.permission.ACCESS_FINE_LOCATION" />
13-->src/main/AndroidManifest.xml:5:1-74
13-->src/main/AndroidManifest.xml:5:18-72
14    <uses-permission android:name="android.permission.READ_MEDIA_IMAGES" />
14-->src/main/AndroidManifest.xml:6:1-71
14-->src/main/AndroidManifest.xml:6:18-69
15    <uses-permission android:name="android.permission.ACCESS_COARSE_LOCATION" />
15-->src/main/AndroidManifest.xml:7:1-76
15-->src/main/AndroidManifest.xml:7:18-74
16    <uses-permission android:name="android.permission.CAMERA" />
16-->src/main/AndroidManifest.xml:8:1-61
16-->src/main/AndroidManifest.xml:8:18-58
17    <uses-permission android:name="android.permission.CALL_PHONE" />
17-->src/main/AndroidManifest.xml:9:1-65
17-->src/main/AndroidManifest.xml:9:18-62
18    <uses-permission android:name="android.permission.ACCESS_WIFI_STATE" />
18-->[com.facebook.flipper:flipper:0.125.0] AndroidManifest.xml:16:5-76
18-->[com.facebook.flipper:flipper:0.125.0] AndroidManifest.xml:16:22-73
19    <uses-permission android:name="android.permission.ACCESS_NETWORK_STATE" />
19-->[:react-native-community_netinfo] AndroidManifest.xml:9:5-79
19-->[:react-native-community_netinfo] AndroidManifest.xml:9:22-76
20
21    <queries>
21-->[:react-native-image-crop-picker] AndroidManifest.xml:9:5-13:15
22        <intent>
22-->[:react-native-image-crop-picker] AndroidManifest.xml:10:9-12:18
23            <action android:name="android.media.action.IMAGE_CAPTURE" />
23-->[:react-native-image-crop-picker] AndroidManifest.xml:11:13-73
23-->[:react-native-image-crop-picker] AndroidManifest.xml:11:21-70
24        </intent>
25    </queries>
26
27    <uses-permission android:name="android.permission.WRITE_EXTERNAL_STORAGE" />
27-->[:react-native-image-crop-picker] AndroidManifest.xml:15:5-81
27-->[:react-native-image-crop-picker] AndroidManifest.xml:15:22-78
28    <uses-permission android:name="android.permission.USE_BIOMETRIC" />
28-->[:react-native-sensitive-info] AndroidManifest.xml:9:5-72
28-->[:react-native-sensitive-info] AndroidManifest.xml:9:22-69
29    <uses-permission android:name="android.permission.USE_FINGERPRINT" />
29-->[:react-native-sensitive-info] AndroidManifest.xml:10:5-74
29-->[:react-native-sensitive-info] AndroidManifest.xml:10:22-71
30
31    <application
31-->src/main/AndroidManifest.xml:12:5-31:19
32        android:name="com.channelpaisa.channelpaisa.MainApplication"
32-->src/main/AndroidManifest.xml:13:7-38
33        android:allowBackup="false"
33-->src/main/AndroidManifest.xml:17:7-34
34        android:appComponentFactory="androidx.core.app.CoreComponentFactory"
34-->[androidx.core:core:1.7.0] AndroidManifest.xml:24:18-86
35        android:debuggable="true"
36        android:extractNativeLibs="false"
37        android:icon="@mipmap/ic_launcher"
37-->src/main/AndroidManifest.xml:15:7-41
38        android:label="@string/app_name"
38-->src/main/AndroidManifest.xml:14:7-39
39        android:roundIcon="@mipmap/ic_launcher_round"
39-->src/main/AndroidManifest.xml:16:7-52
40        android:theme="@style/AppTheme"
40-->src/main/AndroidManifest.xml:18:7-38
41        android:usesCleartextTraffic="true" >
41-->src/debug/AndroidManifest.xml:8:9-44
42        <activity
42-->src/debug/AndroidManifest.xml:11:9-111
43            android:name="com.facebook.react.devsupport.DevSettingsActivity"
43-->src/debug/AndroidManifest.xml:11:19-83
44            android:exported="false" />
44-->src/debug/AndroidManifest.xml:11:84-108
45        <activity
45-->src/main/AndroidManifest.xml:19:7-30:18
46            android:name="com.channelpaisa.channelpaisa.MainActivity"
46-->src/main/AndroidManifest.xml:20:9-37
47            android:configChanges="keyboard|keyboardHidden|orientation|screenLayout|screenSize|smallestScreenSize|uiMode"
47-->src/main/AndroidManifest.xml:22:9-118
48            android:exported="true"
48-->src/main/AndroidManifest.xml:25:9-32
49            android:label="@string/app_name"
49-->src/main/AndroidManifest.xml:21:9-41
50            android:launchMode="singleTask"
50-->src/main/AndroidManifest.xml:23:9-40
51            android:windowSoftInputMode="adjustPan" >
51-->src/main/AndroidManifest.xml:24:9-48
52            <intent-filter>
52-->src/main/AndroidManifest.xml:26:9-29:25
53                <action android:name="android.intent.action.MAIN" />
53-->src/main/AndroidManifest.xml:27:13-65
53-->src/main/AndroidManifest.xml:27:21-62
54
55                <category android:name="android.intent.category.LAUNCHER" />
55-->src/main/AndroidManifest.xml:28:13-73
55-->src/main/AndroidManifest.xml:28:23-70
56            </intent-filter>
57        </activity>
58
59        <provider
59-->[:react-native-image-crop-picker] AndroidManifest.xml:18:9-26:20
60            android:name="com.reactnative.ivpusic.imagepicker.IvpusicImagePickerFileProvider"
60-->[:react-native-image-crop-picker] AndroidManifest.xml:19:13-94
61            android:authorities="com.channelpaisa.channelpaisa.dev.provider"
61-->[:react-native-image-crop-picker] AndroidManifest.xml:20:13-60
62            android:exported="false"
62-->[:react-native-image-crop-picker] AndroidManifest.xml:21:13-37
63            android:grantUriPermissions="true" >
63-->[:react-native-image-crop-picker] AndroidManifest.xml:22:13-47
64            <meta-data
64-->[:react-native-image-crop-picker] AndroidManifest.xml:23:13-25:78
65                android:name="android.support.FILE_PROVIDER_PATHS"
65-->[:react-native-image-crop-picker] AndroidManifest.xml:24:17-67
66                android:resource="@xml/ivpusic_imagepicker_provider_paths" />
66-->[:react-native-image-crop-picker] AndroidManifest.xml:25:17-75
67        </provider>
68
69        <activity
69-->[:react-native-image-crop-picker] AndroidManifest.xml:28:9-30:72
70            android:name="com.yalantis.ucrop.UCropActivity"
70-->[:react-native-image-crop-picker] AndroidManifest.xml:29:13-60
71            android:theme="@style/Theme.AppCompat.Light.NoActionBar" />
71-->[:react-native-image-crop-picker] AndroidManifest.xml:30:13-69
72
73        <provider
73-->[:react-native-webview] AndroidManifest.xml:10:9-18:20
74            android:name="com.reactnativecommunity.webview.RNCWebViewFileProvider"
74-->[:react-native-webview] AndroidManifest.xml:11:13-83
75            android:authorities="com.channelpaisa.channelpaisa.dev.fileprovider"
75-->[:react-native-webview] AndroidManifest.xml:12:13-64
76            android:exported="false"
76-->[:react-native-webview] AndroidManifest.xml:13:13-37
77            android:grantUriPermissions="true" >
77-->[:react-native-webview] AndroidManifest.xml:14:13-47
78            <meta-data
78-->[:react-native-image-crop-picker] AndroidManifest.xml:23:13-25:78
79                android:name="android.support.FILE_PROVIDER_PATHS"
79-->[:react-native-image-crop-picker] AndroidManifest.xml:24:17-67
80                android:resource="@xml/file_provider_paths" />
80-->[:react-native-image-crop-picker] AndroidManifest.xml:25:17-75
81        </provider>
82
83        <activity
83-->[androidx.biometric:biometric:1.0.1] AndroidManifest.xml:28:9-31:67
84            android:name="androidx.biometric.DeviceCredentialHandlerActivity"
84-->[androidx.biometric:biometric:1.0.1] AndroidManifest.xml:29:13-78
85            android:exported="true"
85-->[androidx.biometric:biometric:1.0.1] AndroidManifest.xml:30:13-36
86            android:theme="@style/DeviceCredentialHandlerTheme" />
86-->[androidx.biometric:biometric:1.0.1] AndroidManifest.xml:31:13-64
87
88        <meta-data
88-->[com.github.bumptech.glide:okhttp3-integration:4.12.0] AndroidManifest.xml:11:9-13:43
89            android:name="com.bumptech.glide.integration.okhttp3.OkHttpGlideModule"
89-->[com.github.bumptech.glide:okhttp3-integration:4.12.0] AndroidManifest.xml:12:13-84
90            android:value="GlideModule" />
90-->[com.github.bumptech.glide:okhttp3-integration:4.12.0] AndroidManifest.xml:13:13-40
91
92        <provider
92-->[androidx.emoji2:emoji2:1.0.0] AndroidManifest.xml:26:9-34:20
93            android:name="androidx.startup.InitializationProvider"
93-->[androidx.emoji2:emoji2:1.0.0] AndroidManifest.xml:27:13-67
94            android:authorities="com.channelpaisa.channelpaisa.dev.androidx-startup"
94-->[androidx.emoji2:emoji2:1.0.0] AndroidManifest.xml:28:13-68
95            android:exported="false" >
95-->[androidx.emoji2:emoji2:1.0.0] AndroidManifest.xml:29:13-37
96            <meta-data
96-->[androidx.emoji2:emoji2:1.0.0] AndroidManifest.xml:31:13-33:52
97                android:name="androidx.emoji2.text.EmojiCompatInitializer"
97-->[androidx.emoji2:emoji2:1.0.0] AndroidManifest.xml:32:17-75
98                android:value="androidx.startup" />
98-->[androidx.emoji2:emoji2:1.0.0] AndroidManifest.xml:33:17-49
99            <meta-data
99-->[androidx.lifecycle:lifecycle-process:2.4.0] AndroidManifest.xml:31:13-33:52
100                android:name="androidx.lifecycle.ProcessLifecycleInitializer"
100-->[androidx.lifecycle:lifecycle-process:2.4.0] AndroidManifest.xml:32:17-78
101                android:value="androidx.startup" />
101-->[androidx.lifecycle:lifecycle-process:2.4.0] AndroidManifest.xml:33:17-49
102        </provider>
103    </application>
104
105</manifest>